WARNING:root: ROLLO added default for variable: keep_files, default value = all
WARNING:root: ROLLO added default for variable: mutation_probability, default value = 0.23
WARNING:root: ROLLO added default for variable: mating_probability, default value = 0.47
WARNING:root: ROLLO added default for variable: selection_operator, default value = {'operator': 'selTournament', 'tournsize': 5}
WARNING:root: ROLLO added default for variable: mutation_operator, default value = {'operator': 'mutPolynomialBounded', 'eta': 0.23, 'indpb': 0.23}
WARNING:root: ROLLO added default for variable: mating_operator, default value = {'operator': 'cxBlend', 'alpha': 0.46}
       	   	     	                                                             oup                                                             	                                                                                          ind                                                                                           
       	   	     	-----------------------------------------------------------------------------------------------------------------------------	----------------------------------------------------------------------------------------------------------------------------------------------------------------------------------------
time   	gen	evals	avg                          	std                            	min                          	max                          	avg                                                     	min                                                     	max                                                     
10019.8	0  	128  	[1172.44011302    1.39050494]	[4.74639481e+00 1.88164664e-03]	[1161.54892592    1.38628307]	[1179.32534554    1.39514834]	[0.22138817 0.22399685 0.21171729 0.22389733 0.21648569]	[0.10186668 0.10341759 0.10021288 0.10046455 0.1000817 ]	[0.34662628 0.34690031 0.34728917 0.34927364 0.34782125]
Entering generation 1...
INFO:root: Solver: openmc, Input Script Runtime: 270.61 seconds
INFO:root: Solver: openmc, Execute 0 Runtime: 7871.68 seconds
INFO:root: Solver: openmc, Execute 1 Runtime: 579.21 seconds
INFO:root: Solver: openmc, Output Script Runtime: 85.82 seconds
INFO:root: Solver: moltres, Input Script Runtime: 85.96 seconds
INFO:root: Solver: moltres, Execute 0 Runtime: 71.66 seconds
INFO:root: Solver: moltres, Execute 1 Runtime: 408.37 seconds
INFO:root: Solver: moltres, Output Script Runtime: 77.12 seconds
INFO:root: Generation: 1, Evaluation Total Runtime: 9451.93 seconds
WARNING:root: 0 out of 128 inds were constrained
       	   	     	                                                             oup                                                             	                                                                                          ind                                                                                           
       	   	     	-----------------------------------------------------------------------------------------------------------------------------	----------------------------------------------------------------------------------------------------------------------------------------------------------------------------------------
time   	gen	evals	avg                          	std                            	min                          	max                          	avg                                                     	min                                                     	max                                                     
10019.8	0  	128  	[1172.44011302    1.39050494]	[4.74639481e+00 1.88164664e-03]	[1161.54892592    1.38628307]	[1179.32534554    1.39514834]	[0.22138817 0.22399685 0.21171729 0.22389733 0.21648569]	[0.10186668 0.10341759 0.10021288 0.10046455 0.1000817 ]	[0.34662628 0.34690031 0.34728917 0.34927364 0.34782125]
9451.97	1  	69   	[1166.51545395    1.39106835]	[3.03939662e+00 1.85493438e-03]	[1161.28395524    1.3870281 ]	[1173.95218442    1.39514834]	[0.26832907 0.23962339 0.22964514 0.22302195 0.28111108]	[0.16090394 0.11734407 0.11199761 0.10046455 0.15979784]	[0.34542419 0.34446891 0.3457194  0.34992623 0.34782125]
rollo Simulation Completed!
Total time in simulation 9451.98 seconds
