Application 26889830 resources: utime ~171s, stime ~5s, Rss ~508624, inblocks ~166, outblocks ~62480
                                %%%%%%%%%%%%%%%
                           %%%%%%%%%%%%%%%%%%%%%%%%
                        %%%%%%%%%%%%%%%%%%%%%%%%%%%%%%
                      %%%%%%%%%%%%%%%%%%%%%%%%%%%%%%%%%%
                    %%%%%%%%%%%%%%%%%%%%%%%%%%%%%%%%%%%%%%
                   %%%%%%%%%%%%%%%%%%%%%%%%%%%%%%%%%%%%%%%%
                                    %%%%%%%%%%%%%%%%%%%%%%%%
                                     %%%%%%%%%%%%%%%%%%%%%%%%
                 ###############      %%%%%%%%%%%%%%%%%%%%%%%%
                ##################     %%%%%%%%%%%%%%%%%%%%%%%
                ###################     %%%%%%%%%%%%%%%%%%%%%%%
                ####################     %%%%%%%%%%%%%%%%%%%%%%
                #####################     %%%%%%%%%%%%%%%%%%%%%
                ######################     %%%%%%%%%%%%%%%%%%%%
                #######################     %%%%%%%%%%%%%%%%%%
                 #######################     %%%%%%%%%%%%%%%%%
                 ######################     %%%%%%%%%%%%%%%%%
                  ####################     %%%%%%%%%%%%%%%%%
                    #################     %%%%%%%%%%%%%%%%%
                     ###############     %%%%%%%%%%%%%%%%
                       ############     %%%%%%%%%%%%%%%
                          ########     %%%%%%%%%%%%%%
                                      %%%%%%%%%%%

                   | The OpenMC Monte Carlo Code
         Copyright | 2011-2021 MIT and OpenMC contributors
           License | https://docs.openmc.org/en/latest/license.html
           Version | 0.12.2
          Git SHA1 | cbfcf908f8abdc1ef6603f67872dcf64c5c657b1
         Date/Time | 2022-06-22 21:59:59
     MPI Processes | 8
    OpenMP Threads | 64

 Reading settings XML file...
 Reading cross sections XML file...
 Reading materials XML file...
 Reading geometry XML file...
 Reading U235 from /home/gchee/data/zip/endfb71_hdf5/U235.h5
 Reading U235 WMP data from /home/gchee/data/zip/endfb71_hdf5/wmp/092235.h5
 Reading U238 from /home/gchee/data/zip/endfb71_hdf5/U238.h5
 Reading U238 WMP data from /home/gchee/data/zip/endfb71_hdf5/wmp/092238.h5
 Reading O16 from /home/gchee/data/zip/endfb71_hdf5/O16.h5
 Reading O16 WMP data from /home/gchee/data/zip/endfb71_hdf5/wmp/008016.h5
 Reading C0 from /home/gchee/data/zip/endfb71_hdf5/C0.h5
 Reading C0 WMP data from /home/gchee/data/zip/endfb71_hdf5/wmp/006000.h5
 Reading Li6 from /home/gchee/data/zip/endfb71_hdf5/Li6.h5
 Reading Li6 WMP data from /home/gchee/data/zip/endfb71_hdf5/wmp/003006.h5
 Reading Li7 from /home/gchee/data/zip/endfb71_hdf5/Li7.h5
 Reading Li7 WMP data from /home/gchee/data/zip/endfb71_hdf5/wmp/003007.h5
 Reading Be9 from /home/gchee/data/zip/endfb71_hdf5/Be9.h5
 Reading Be9 WMP data from /home/gchee/data/zip/endfb71_hdf5/wmp/004009.h5
 Reading F19 from /home/gchee/data/zip/endfb71_hdf5/F19.h5
 Reading F19 WMP data from /home/gchee/data/zip/endfb71_hdf5/wmp/009019.h5
 Reading Si28 from /home/gchee/data/zip/endfb71_hdf5/Si28.h5
 Reading Si28 WMP data from /home/gchee/data/zip/endfb71_hdf5/wmp/014028.h5
 Reading Si29 from /home/gchee/data/zip/endfb71_hdf5/Si29.h5
 Reading Si29 WMP data from /home/gchee/data/zip/endfb71_hdf5/wmp/014029.h5
 Reading Si30 from /home/gchee/data/zip/endfb71_hdf5/Si30.h5
 Reading Si30 WMP data from /home/gchee/data/zip/endfb71_hdf5/wmp/014030.h5
 Reading c_Graphite from /home/gchee/data/zip/endfb71_hdf5/c_Graphite.h5
 Minimum neutron data temperature: 294.0 K
 Maximum neutron data temperature: 1200.0 K
 Reading tallies XML file...
 Preparing distributed cell instances...
 Writing summary.h5 file...
 Maximum neutron transport energy: 20000000.0 eV for U235
 Initializing source particles...

 ====================>     K EIGENVALUE SIMULATION     <====================

  Bat./Gen.      k            Average k
  =========   ========   ====================
        1/1    1.39966
        2/1    1.39338
        3/1    1.37130
        4/1    1.37969
        5/1    1.36800
        6/1    1.35622
        7/1    1.37993
        8/1    1.38335
        9/1    1.36487
       10/1    1.38174
       11/1    1.36588
       12/1    1.36310
       13/1    1.38335
       14/1    1.34025
       15/1    1.38476
       16/1    1.40018
       17/1    1.38098
       18/1    1.39592
       19/1    1.39067
       20/1    1.38351
       21/1    1.33770
       22/1    1.39515    1.36643 +/- 0.02872
       23/1    1.41650    1.38312 +/- 0.02353
       24/1    1.40804    1.38935 +/- 0.01777
       25/1    1.37898    1.38727 +/- 0.01392
       26/1    1.39161    1.38800 +/- 0.01139
       27/1    1.37337    1.38591 +/- 0.00985
       28/1    1.38165    1.38537 +/- 0.00854
       29/1    1.40665    1.38774 +/- 0.00790
       30/1    1.35430    1.38439 +/- 0.00782
       31/1    1.41956    1.38759 +/- 0.00776
       32/1    1.36919    1.38606 +/- 0.00725
       33/1    1.35088    1.38335 +/- 0.00719
       34/1    1.39043    1.38386 +/- 0.00668
       35/1    1.35981    1.38225 +/- 0.00642
       36/1    1.40584    1.38373 +/- 0.00619
       37/1    1.39458    1.38437 +/- 0.00584
       38/1    1.39240    1.38481 +/- 0.00553
       39/1    1.39029    1.38510 +/- 0.00524
       40/1    1.38792    1.38524 +/- 0.00497
       41/1    1.39182    1.38555 +/- 0.00474
       42/1    1.37433    1.38504 +/- 0.00455
       43/1    1.38841    1.38519 +/- 0.00435
       44/1    1.37836    1.38491 +/- 0.00417
       45/1    1.39658    1.38537 +/- 0.00403
       46/1    1.39913    1.38590 +/- 0.00391
       47/1    1.36702    1.38520 +/- 0.00382
       48/1    1.36268    1.38440 +/- 0.00377
       49/1    1.40478    1.38510 +/- 0.00371
       50/1    1.36228    1.38434 +/- 0.00366
       51/1    1.39338    1.38463 +/- 0.00355
       52/1    1.41628    1.38562 +/- 0.00358
       53/1    1.37753    1.38538 +/- 0.00348
       54/1    1.36745    1.38485 +/- 0.00341
       55/1    1.37366    1.38453 +/- 0.00333
       56/1    1.37515    1.38427 +/- 0.00325
       57/1    1.39498    1.38456 +/- 0.00317
       58/1    1.34626    1.38355 +/- 0.00325
       59/1    1.39888    1.38394 +/- 0.00319
       60/1    1.36247    1.38341 +/- 0.00315
       61/1    1.41347    1.38414 +/- 0.00316
       62/1    1.36178    1.38361 +/- 0.00313
       63/1    1.39970    1.38398 +/- 0.00308
       64/1    1.39695    1.38428 +/- 0.00302
       65/1    1.38093    1.38420 +/- 0.00296
       66/1    1.39833    1.38451 +/- 0.00291
       67/1    1.35570    1.38390 +/- 0.00291
       68/1    1.37864    1.38379 +/- 0.00285
       69/1    1.37703    1.38365 +/- 0.00280
       70/1    1.40199    1.38402 +/- 0.00276
       71/1    1.40326    1.38439 +/- 0.00274
       72/1    1.40490    1.38479 +/- 0.00271
       73/1    1.37354    1.38458 +/- 0.00267
       74/1    1.36117    1.38414 +/- 0.00265
       75/1    1.42840    1.38495 +/- 0.00273
       76/1    1.36670    1.38462 +/- 0.00270
       77/1    1.39250    1.38476 +/- 0.00265
       78/1    1.37532    1.38460 +/- 0.00261
       79/1    1.38790    1.38465 +/- 0.00257
       80/1    1.39700    1.38486 +/- 0.00253
 Creating state point statepoint.80.h5...

 =======================>     TIMING STATISTICS     <=======================

 Total time for initialization     = 4.0458e+02 seconds
   Reading cross sections          = 1.5316e+01 seconds
 Total time in simulation          = 2.7332e+02 seconds
   Time in transport only          = 2.4448e+02 seconds
   Time in inactive batches        = 5.6512e+01 seconds
   Time in active batches          = 2.1681e+02 seconds
   Time synchronizing fission bank = 2.8082e+01 seconds
     Sampling source sites         = 4.7706e-02 seconds
     SEND/RECV source sites        = 4.7252e-03 seconds
   Time accumulating tallies       = 5.9818e-01 seconds
   Time writing statepoints        = 1.0737e-01 seconds
 Total time for finalization       = 9.6723e-01 seconds
 Total time elapsed                = 6.7901e+02 seconds
 Calculation Rate (inactive)       = 2831.25 particles/second
 Calculation Rate (active)         = 2213.92 particles/second

 ============================>     RESULTS     <============================

 k-effective (Collision)     = 1.38658 +/- 0.00171
 k-effective (Track-length)  = 1.38486 +/- 0.00253
 k-effective (Absorption)    = 1.38509 +/- 0.00148
 Combined k-effective        = 1.38518 +/- 0.00142
 Leakage Fraction            = 0.00000 +/- 0.00000

Application 26889843 resources: utime ~89864s, stime ~140s, Rss ~2653560, inblocks ~1527868, outblocks ~1198424
