WARNING:root: ROLLO added default for variable: keep_files, default value = all
WARNING:root: ROLLO added default for variable: mutation_probability, default value = 0.23
WARNING:root: ROLLO added default for variable: mating_probability, default value = 0.47
WARNING:root: ROLLO added default for variable: selection_operator, default value = {'operator': 'selTournament', 'tournsize': 5}
WARNING:root: ROLLO added default for variable: mutation_operator, default value = {'operator': 'mutPolynomialBounded', 'eta': 0.23, 'indpb': 0.23}
WARNING:root: ROLLO added default for variable: mating_operator, default value = {'operator': 'cxBlend', 'alpha': 0.46}
       	   	     	                                                              oup                                                              	                                                                                                        ind                                                                                                        
       	   	     	-------------------------------------------------------------------------------------------------------------------------------	-------------------------------------------------------------------------------------------------------------------------------------------------------------------------------------------------------------------
time   	gen	evals	avg                            	std                            	min                          	max                            	avg                                                                	min                                                                	max                                                                
4929.62	0  	64   	[1.38777217e+03 1.30661292e+00]	[1.09011985e+02 1.70657824e-03]	[1196.51834488    1.30291958]	[1.67481513e+03 1.31167147e+00]	[0.89120622 0.78080676 2.8458443  1.03690439 0.87453555 2.97257527]	[0.03148314 0.00403874 0.01038935 0.07651466 0.12699545 0.02376552]	[1.99137051 1.51933846 6.27086309 1.97136443 1.56788866 6.10094139]
4800.89	1  	42   	[1264.56205476    1.3059825 ]  	[5.20195864e+01 1.51499885e-03]	[1180.29762681    1.30231789]	[1.37570835e+03 1.31030506e+00]	[0.64059788 0.77429335 2.88676993 0.57703265 0.88747996 2.49065247]	[0.03148314 0.02173279 0.00130569 0.01726128 0.06920974 0.22003657]	[1.86117891 1.49751784 6.27086309 1.43720976 1.51343483 4.82467723]
Entering generation 2...
INFO:root: Solver: openmc, Input Script Runtime: 184.36 seconds
INFO:root: Solver: openmc, Execute 0 Runtime: 3368.93 seconds
INFO:root: Solver: openmc, Execute 1 Runtime: 489.8 seconds
INFO:root: Solver: openmc, Output Script Runtime: 53.84 seconds
INFO:root: Solver: moltres, Input Script Runtime: 554.15 seconds
INFO:root: Solver: moltres, Output Script Runtime: 45.06 seconds
INFO:root: Generation: 2, Evaluation Total Runtime: 4696.97 seconds
WARNING:root: 0 out of 64 inds were constrained
       	   	     	                                                              oup                                                              	                                                                                                        ind                                                                                                        
       	   	     	-------------------------------------------------------------------------------------------------------------------------------	-------------------------------------------------------------------------------------------------------------------------------------------------------------------------------------------------------------------
time   	gen	evals	avg                            	std                            	min                          	max                            	avg                                                                	min                                                                	max                                                                
4929.62	0  	64   	[1.38777217e+03 1.30661292e+00]	[1.09011985e+02 1.70657824e-03]	[1196.51834488    1.30291958]	[1.67481513e+03 1.31167147e+00]	[0.89120622 0.78080676 2.8458443  1.03690439 0.87453555 2.97257527]	[0.03148314 0.00403874 0.01038935 0.07651466 0.12699545 0.02376552]	[1.99137051 1.51933846 6.27086309 1.97136443 1.56788866 6.10094139]
4800.89	1  	42   	[1264.56205476    1.3059825 ]  	[5.20195864e+01 1.51499885e-03]	[1180.29762681    1.30231789]	[1.37570835e+03 1.31030506e+00]	[0.64059788 0.77429335 2.88676993 0.57703265 0.88747996 2.49065247]	[0.03148314 0.02173279 0.00130569 0.01726128 0.06920974 0.22003657]	[1.86117891 1.49751784 6.27086309 1.43720976 1.51343483 4.82467723]
4697.04	2  	37   	[1213.5641627     1.30532172]  	[2.37247484e+01 1.23922239e-03]	[1180.29762681    1.30344882]	[1286.93418374    1.30832317]  	[0.36714902 0.6398647  2.36175915 0.21513621 0.88001841 2.67506478]	[0.02876929 0.02173279 0.04674927 0.00245429 0.06920974 0.11275806]	[1.10524881 1.32237525 5.89958478 1.43720976 1.48443486 4.88058163]
rollo Simulation Completed!
Total time in simulation 4697.05 seconds
