WARNING:root: ROLLO added default for variable: keep_files, default value = all
WARNING:root: ROLLO added default for variable: mutation_operator, default value = {'operator': 'mutPolynomialBounded', 'eta': 0.23, 'indpb': 0.23}
WARNING:root: ROLLO added default for variable: mating_operator, default value = {'operator': 'cxBlend', 'alpha': 0.46}
       	   	     	                                                                           oup                                                                            	                                                                                                                        ind                                                                                                                        
       	   	     	----------------------------------------------------------------------------------------------------------------------------------------------------------	---------------------------------------------------------------------------------------------------------------------------------------------------------------------------------------------------------------------------------------------------
time   	gen	evals	avg                               	std                               	min                               	max                               	avg                                                                           	min                                                                            	max                                                                           
3645.69	0  	128  	[0.02762091 1.26958452 1.17776397]	[0.00658509 0.14576293 0.08710379]	[0.0168454  1.08060984 1.00012541]	[0.03967793 1.85237375 1.30527797]	[0.02762091 0.98973279 0.75955856 2.86204739 0.92448104 0.7405338
 3.18727338]	[0.0168454  0.03864593 0.00600613 0.0648551  0.01648871 0.00499522
 0.03067033]	[0.03967793 1.98875983 1.55940862 6.18547053 1.99609002 1.5688562
 6.26464613]
3403.44	1  	117  	[0.02549805 1.21959915 1.14807552]	[0.00655647 0.11778245 0.08888547]	[0.0168454  1.08060984 1.00012541]	[0.03927099 1.78496772 1.30093862]	[0.02549805 0.80300318 0.68939083 2.83752701 0.79734534 0.6990478
 3.10883223]	[0.0168454  0.01356097 0.00600613 0.0648551  0.01570763 0.0013926
 0.03067033] 	[0.03927099 1.93368868 1.55940862 6.18547053 1.97296419 1.5688562
 6.25680749]
Entering generation 2...
INFO:root: Solver: openmc, Input Script Runtime: 218.03 seconds
INFO:root: Solver: openmc, Execute 0 Runtime: 2690.61 seconds
INFO:root: Solver: openmc, Output Script Runtime: 218.68 seconds
INFO:root: Generation: 2, Evaluation Total Runtime: 3128.08 seconds
WARNING:root: 1 out of 128 inds were constrained
       	   	     	                                                                           oup                                                                            	                                                                                                                         ind                                                                                                                         
       	   	     	----------------------------------------------------------------------------------------------------------------------------------------------------------	-----------------------------------------------------------------------------------------------------------------------------------------------------------------------------------------------------------------------------------------------------
time   	gen	evals	avg                               	std                               	min                               	max                               	avg                                                                            	min                                                                            	max                                                                            
3645.69	0  	128  	[0.02762091 1.26958452 1.17776397]	[0.00658509 0.14576293 0.08710379]	[0.0168454  1.08060984 1.00012541]	[0.03967793 1.85237375 1.30527797]	[0.02762091 0.98973279 0.75955856 2.86204739 0.92448104 0.7405338
 3.18727338] 	[0.0168454  0.03864593 0.00600613 0.0648551  0.01648871 0.00499522
 0.03067033]	[0.03967793 1.98875983 1.55940862 6.18547053 1.99609002 1.5688562
 6.26464613] 
3403.44	1  	117  	[0.02549805 1.21959915 1.14807552]	[0.00655647 0.11778245 0.08888547]	[0.0168454  1.08060984 1.00012541]	[0.03927099 1.78496772 1.30093862]	[0.02549805 0.80300318 0.68939083 2.83752701 0.79734534 0.6990478
 3.10883223] 	[0.0168454  0.01356097 0.00600613 0.0648551  0.01570763 0.0013926
 0.03067033] 	[0.03927099 1.93368868 1.55940862 6.18547053 1.97296419 1.5688562
 6.25680749] 
3128.2 	2  	113  	[0.02410509 1.19124747 1.12744835]	[0.00630674 0.09310989 0.09055759]	[0.0168454  1.08060984 1.00012541]	[0.03908916 1.53624122 1.29989873]	[0.02410509 0.72564662 0.61197516 2.95949242 0.69576756 0.60464963
 3.02317831]	[0.0168454  0.01356097 0.00600613 0.0648551  0.01648871 0.00499522
 0.03067033]	[0.03908916 1.8520162  1.55940862 6.17161651 1.93927035 1.50707037
 6.25680749]
rollo Simulation Completed!
Total time in simulation 3128.2 seconds
