WARNING:root: ROLLO added default for variable: keep_files, default value = all
WARNING:root: ROLLO added default for variable: mutation_operator, default value = {'operator': 'mutPolynomialBounded', 'eta': 0.23, 'indpb': 0.23}
WARNING:root: ROLLO added default for variable: mating_operator, default value = {'operator': 'cxBlend', 'alpha': 0.46}
       	   	     	                                                                                             oup                                                                                              	                                                                                                        ind                                                                                                        
       	   	     	----------------------------------------------------------------------------------------------------------------------------------------------------------------------------------------------	-------------------------------------------------------------------------------------------------------------------------------------------------------------------------------------------------------------------
time   	gen	evals	avg                                           	std                                           	min                                           	max                                           	avg                                                                	min                                                                	max                                                                
7606.82	0  	128  	[1.39358598e+03 1.20654693e+00 1.38602508e+00]	[1.25082106e+02 1.14269963e-01 2.60449048e-03]	[1.19705659e+03 1.08109500e+00 1.38058270e+00]	[1.90209765e+03 1.85788610e+00 1.39288315e+00]	[0.94748622 0.73335084 3.01882486 0.99678854 0.79910474 3.01051802]	[0.01607564 0.0394279  0.03116254 0.06614351 0.02857373 0.00133812]	[1.98083458 1.56246002 6.24282352 1.98332107 1.56107751 6.20850798]
Entering generation 1...
INFO:root: Solver: openmc, Input Script Runtime: 327.12 seconds
INFO:root: Solver: openmc, Execute 0 Runtime: 5686.58 seconds
INFO:root: Solver: openmc, Execute 1 Runtime: 634.27 seconds
INFO:root: Solver: openmc, Output Script Runtime: 467.96 seconds
INFO:root: Solver: moltres, Input Script Runtime: 265.64 seconds
INFO:root: Solver: moltres, Output Script Runtime: 130.51 seconds
INFO:root: Generation: 1, Evaluation Total Runtime: 7514.48 seconds
WARNING:root: 1 out of 128 inds were constrained
       	   	     	                                                                                             oup                                                                                              	                                                                                                        ind                                                                                                        
       	   	     	----------------------------------------------------------------------------------------------------------------------------------------------------------------------------------------------	-------------------------------------------------------------------------------------------------------------------------------------------------------------------------------------------------------------------
time   	gen	evals	avg                                           	std                                           	min                                           	max                                           	avg                                                                	min                                                                	max                                                                
7606.82	0  	128  	[1.39358598e+03 1.20654693e+00 1.38602508e+00]	[1.25082106e+02 1.14269963e-01 2.60449048e-03]	[1.19705659e+03 1.08109500e+00 1.38058270e+00]	[1.90209765e+03 1.85788610e+00 1.39288315e+00]	[0.94748622 0.73335084 3.01882486 0.99678854 0.79910474 3.01051802]	[0.01607564 0.0394279  0.03116254 0.06614351 0.02857373 0.00133812]	[1.98083458 1.56246002 6.24282352 1.98332107 1.56107751 6.20850798]
7514.61	1  	122  	[1.31058485e+03 1.13000649e+00 1.38455604e+00]	[5.00645533e+01 3.45091465e-02 1.54978807e-03]	[1.19705659e+03 1.08109500e+00 1.38065103e+00]	[1.44451582e+03 1.26974085e+00 1.38890767e+00]	[0.62144861 0.78173808 2.85621701 0.81889924 0.77563853 3.16553737]	[0.00707819 0.0394279  0.03116254 0.06614351 0.04309037 0.08634533]	[1.90380338 1.56246002 6.24282352 1.90650934 1.56107751 6.20850798]
rollo Simulation Completed!
Total time in simulation 7514.62 seconds
