WARNING:root: ROLLO added default for variable: keep_files, default value = all
WARNING:root: ROLLO added default for variable: mutation_operator, default value = {'operator': 'mutPolynomialBounded', 'eta': 0.23, 'indpb': 0.23}
WARNING:root: ROLLO added default for variable: mating_operator, default value = {'operator': 'cxBlend', 'alpha': 0.46}
       	   	     	                                                                                                                             oup                                                                                                                             	                                                                                                                                                                                                            ind                                                                                                                                                                                                             
       	   	     	-------------------------------------------------------------------------------------------------------------------------------------------------------------------------------------------------------------------------------------------------------------	----------------------------------------------------------------------------------------------------------------------------------------------------------------------------------------------------------------------------------------------------------------------------------------------------------------------------------------------------------------------------------------------------------------------------
time   	gen	evals	avg                                                          	std                                                          	min                                                          	max                                                          	avg                                                                                                                                   	min                                                                                                                                   	max                                                                                                                                   
7444.71	0  	128  	[6.18768012e-02 1.36883329e+03 1.23176570e+00 1.39595898e+00]	[4.33576060e-03 1.15363234e+02 1.62641031e-01 9.19671208e-03]	[5.37561482e-02 1.18633704e+03 1.09144617e+00 1.38018266e+00]	[6.96801640e-02 1.79626881e+03 2.30740793e+00 1.41516980e+00]	[0.0618768  1.09865251 0.75471856 2.91012005 1.03529121 0.71964903
 3.1519571  0.23170759 0.22440407 0.22947673 0.22468038 0.22648238]	[0.05375615 0.03955111 0.00264326 0.06308033 0.02027474 0.01143605
 0.09699591 0.10389065 0.10073757 0.10141343 0.10047934 0.10135843]	[0.06968016 1.98722663 1.56559289 6.27644058 1.9770518  1.56789444
 6.23420979 0.34713933 0.34880088 0.34968491 0.34772539 0.34986696]
6855.44	1  	115  	[6.05520317e-02 1.31462504e+03 1.16653123e+00 1.39269272e+00]	[3.96114388e-03 8.51953455e+01 1.25231115e-01 7.21231092e-03]	[5.37561482e-02 1.18633704e+03 1.08058006e+00 1.38018266e+00]	[6.94768508e-02 1.79626881e+03 2.30740793e+00 1.40833074e+00]	[0.06055203 0.94359698 0.80286884 2.93384088 0.83608627 0.73475561
 3.1726436  0.24715208 0.23159949 0.23803947 0.22353254 0.21565542]	[0.05375615 0.03955111 0.00264326 0.06308033 0.00042727 0.00526705
 0.14633568 0.10474519 0.10073757 0.10141343 0.10047934 0.10135843]	[0.06947685 1.97785849 1.56559289 6.27644058 1.96660474 1.56736536
 6.18018053 0.34713933 0.34880088 0.34968491 0.34890806 0.34699346]
7194.78	2  	114  	[5.93525573e-02 1.29024262e+03 1.14929862e+00 1.39001723e+00]	[3.83030716e-03 8.49739054e+01 1.22149666e-01 7.22633364e-03]	[5.37561482e-02 1.18600653e+03 1.08058006e+00 1.38006806e+00]	[6.94768508e-02 1.79626881e+03 2.30740793e+00 1.40632854e+00]	[0.05935256 0.89199117 0.78547788 2.97176037 0.67605734 0.73736392
 3.07774364 0.24423593 0.23330259 0.23328473 0.22892395 0.20826336]	[0.05375615 0.07709422 0.00041459 0.06308033 0.00042727 0.00100693
 0.11831533 0.10348494 0.10073757 0.10141343 0.10047934 0.10135843]	[0.06947685 1.97785849 1.56559289 6.27644058 1.90038939 1.56736536
 6.18018053 0.34713933 0.34880088 0.34634759 0.34734032 0.34560197]
7481   	3  	118  	[5.91113075e-02 1.27850363e+03 1.14725113e+00 1.38952778e+00]	[3.87349318e-03 9.89969337e+01 1.59538992e-01 7.20698370e-03]	[5.37561482e-02 1.18600653e+03 1.07210906e+00 1.38006806e+00]	[6.95580528e-02 1.79626881e+03 2.30740793e+00 1.40677813e+00]	[0.05911131 0.75794218 0.76332711 3.09101833 0.61242984 0.69504585
 3.2842603  0.24421421 0.22838852 0.23304975 0.23998456 0.21015956]	[0.05375615 0.07709422 0.00264326 0.06308033 0.02027474 0.00100693
 0.11831533 0.10730677 0.10073757 0.10141343 0.10158205 0.10135843]	[0.06955805 1.97785849 1.5191965  6.27644058 1.90038939 1.56075102
 6.18018053 0.34713933 0.34880088 0.34786612 0.3485955  0.34624111]
7086.87	4  	117  	[5.75954692e-02 1.28846894e+03 1.14732620e+00 1.38645618e+00]	[3.44840882e-03 1.00410008e+02 8.26276587e-02 6.56537516e-03]	[5.37561482e-02 1.17341762e+03 1.06938443e+00 1.38002652e+00]	[6.95580528e-02 1.60189658e+03 1.54281004e+00 1.40677813e+00]	[0.05759547 0.79245537 0.67288925 3.33599006 0.67145954 0.59676613
 3.22989368 0.22899976 0.23112733 0.22866002 0.2539969  0.19382348]	[0.05375615 0.07709422 0.00699053 0.5328939  0.01299487 0.00063789
 0.09343393 0.10489822 0.10073757 0.10098076 0.10158205 0.10135843]	[0.06955805 1.91037936 1.5191965  6.27644058 1.92241033 1.56075102
 6.18018053 0.34713933 0.33574184 0.33650906 0.34734032 0.34624111]
Entering generation 5...
INFO:root: Solver: openmc, Input Script Runtime: 334.35 seconds
INFO:root: Solver: openmc, Execute 0 Runtime: 4649.06 seconds
INFO:root: Solver: openmc, Execute 1 Runtime: 639.15 seconds
INFO:root: Solver: openmc, Output Script Runtime: 477.48 seconds
INFO:root: Solver: moltres, Input Script Runtime: 137.02 seconds
INFO:root: Solver: moltres, Execute 0 Runtime: 122.06 seconds
INFO:root: Solver: moltres, Execute 1 Runtime: 448.43 seconds
INFO:root: Solver: moltres, Output Script Runtime: 128.31 seconds
INFO:root: Generation: 5, Evaluation Total Runtime: 6938.61 seconds
WARNING:root: 13 out of 128 inds were constrained
       	   	     	                                                                                                                             oup                                                                                                                             	                                                                                                                                                                                                            ind                                                                                                                                                                                                             
       	   	     	-------------------------------------------------------------------------------------------------------------------------------------------------------------------------------------------------------------------------------------------------------------	----------------------------------------------------------------------------------------------------------------------------------------------------------------------------------------------------------------------------------------------------------------------------------------------------------------------------------------------------------------------------------------------------------------------------
time   	gen	evals	avg                                                          	std                                                          	min                                                          	max                                                          	avg                                                                                                                                   	min                                                                                                                                   	max                                                                                                                                   
7444.71	0  	128  	[6.18768012e-02 1.36883329e+03 1.23176570e+00 1.39595898e+00]	[4.33576060e-03 1.15363234e+02 1.62641031e-01 9.19671208e-03]	[5.37561482e-02 1.18633704e+03 1.09144617e+00 1.38018266e+00]	[6.96801640e-02 1.79626881e+03 2.30740793e+00 1.41516980e+00]	[0.0618768  1.09865251 0.75471856 2.91012005 1.03529121 0.71964903
 3.1519571  0.23170759 0.22440407 0.22947673 0.22468038 0.22648238]	[0.05375615 0.03955111 0.00264326 0.06308033 0.02027474 0.01143605
 0.09699591 0.10389065 0.10073757 0.10141343 0.10047934 0.10135843]	[0.06968016 1.98722663 1.56559289 6.27644058 1.9770518  1.56789444
 6.23420979 0.34713933 0.34880088 0.34968491 0.34772539 0.34986696]
6855.44	1  	115  	[6.05520317e-02 1.31462504e+03 1.16653123e+00 1.39269272e+00]	[3.96114388e-03 8.51953455e+01 1.25231115e-01 7.21231092e-03]	[5.37561482e-02 1.18633704e+03 1.08058006e+00 1.38018266e+00]	[6.94768508e-02 1.79626881e+03 2.30740793e+00 1.40833074e+00]	[0.06055203 0.94359698 0.80286884 2.93384088 0.83608627 0.73475561
 3.1726436  0.24715208 0.23159949 0.23803947 0.22353254 0.21565542]	[0.05375615 0.03955111 0.00264326 0.06308033 0.00042727 0.00526705
 0.14633568 0.10474519 0.10073757 0.10141343 0.10047934 0.10135843]	[0.06947685 1.97785849 1.56559289 6.27644058 1.96660474 1.56736536
 6.18018053 0.34713933 0.34880088 0.34968491 0.34890806 0.34699346]
7194.78	2  	114  	[5.93525573e-02 1.29024262e+03 1.14929862e+00 1.39001723e+00]	[3.83030716e-03 8.49739054e+01 1.22149666e-01 7.22633364e-03]	[5.37561482e-02 1.18600653e+03 1.08058006e+00 1.38006806e+00]	[6.94768508e-02 1.79626881e+03 2.30740793e+00 1.40632854e+00]	[0.05935256 0.89199117 0.78547788 2.97176037 0.67605734 0.73736392
 3.07774364 0.24423593 0.23330259 0.23328473 0.22892395 0.20826336]	[0.05375615 0.07709422 0.00041459 0.06308033 0.00042727 0.00100693
 0.11831533 0.10348494 0.10073757 0.10141343 0.10047934 0.10135843]	[0.06947685 1.97785849 1.56559289 6.27644058 1.90038939 1.56736536
 6.18018053 0.34713933 0.34880088 0.34634759 0.34734032 0.34560197]
7481   	3  	118  	[5.91113075e-02 1.27850363e+03 1.14725113e+00 1.38952778e+00]	[3.87349318e-03 9.89969337e+01 1.59538992e-01 7.20698370e-03]	[5.37561482e-02 1.18600653e+03 1.07210906e+00 1.38006806e+00]	[6.95580528e-02 1.79626881e+03 2.30740793e+00 1.40677813e+00]	[0.05911131 0.75794218 0.76332711 3.09101833 0.61242984 0.69504585
 3.2842603  0.24421421 0.22838852 0.23304975 0.23998456 0.21015956]	[0.05375615 0.07709422 0.00264326 0.06308033 0.02027474 0.00100693
 0.11831533 0.10730677 0.10073757 0.10141343 0.10158205 0.10135843]	[0.06955805 1.97785849 1.5191965  6.27644058 1.90038939 1.56075102
 6.18018053 0.34713933 0.34880088 0.34786612 0.3485955  0.34624111]
7086.87	4  	117  	[5.75954692e-02 1.28846894e+03 1.14732620e+00 1.38645618e+00]	[3.44840882e-03 1.00410008e+02 8.26276587e-02 6.56537516e-03]	[5.37561482e-02 1.17341762e+03 1.06938443e+00 1.38002652e+00]	[6.95580528e-02 1.60189658e+03 1.54281004e+00 1.40677813e+00]	[0.05759547 0.79245537 0.67288925 3.33599006 0.67145954 0.59676613
 3.22989368 0.22899976 0.23112733 0.22866002 0.2539969  0.19382348]	[0.05375615 0.07709422 0.00699053 0.5328939  0.01299487 0.00063789
 0.09343393 0.10489822 0.10073757 0.10098076 0.10158205 0.10135843]	[0.06955805 1.91037936 1.5191965  6.27644058 1.92241033 1.56075102
 6.18018053 0.34713933 0.33574184 0.33650906 0.34734032 0.34624111]
6938.71	5  	120  	[5.79183823e-02 1.26700844e+03 1.13407065e+00 1.38650222e+00]	[3.70894787e-03 1.02259669e+02 8.98699201e-02 6.75285291e-03]	[5.37561482e-02 1.17341762e+03 1.06902402e+00 1.38002972e+00]	[6.95580528e-02 1.59222395e+03 1.63534563e+00 1.40677813e+00]	[0.05791838 0.58822701 0.57348916 3.40225218 0.67651411 0.56593341
 3.01549371 0.23605668 0.22648482 0.21538496 0.24653748 0.19250609]	[0.05375615 0.02311269 0.00699053 0.5328939  0.01299487 0.00063789
 0.09343393 0.10777487 0.10073757 0.10098076 0.10158205 0.10135843]	[0.06955805 1.84854631 1.46044084 6.27644058 1.89618707 1.55280633
 6.18018053 0.34713933 0.34094735 0.33650906 0.33250477 0.34624111]
rollo Simulation Completed!
Total time in simulation 6938.72 seconds
