WARNING:root: ROLLO added default for variable: keep_files, default value = all
WARNING:root: ROLLO added default for variable: mutation_operator, default value = {'operator': 'mutPolynomialBounded', 'eta': 0.23, 'indpb': 0.23}
WARNING:root: ROLLO added default for variable: mating_operator, default value = {'operator': 'cxBlend', 'alpha': 0.46}
       	   	     	                                                                                                                             oup                                                                                                                             	                                                                                                                                                                                                            ind                                                                                                                                                                                                             
       	   	     	-------------------------------------------------------------------------------------------------------------------------------------------------------------------------------------------------------------------------------------------------------------	----------------------------------------------------------------------------------------------------------------------------------------------------------------------------------------------------------------------------------------------------------------------------------------------------------------------------------------------------------------------------------------------------------------------------
time   	gen	evals	avg                                                          	std                                                          	min                                                          	max                                                          	avg                                                                                                                                   	min                                                                                                                                   	max                                                                                                                                   
11984.6	0  	256  	[6.29244551e-02 1.35438509e+03 1.22010512e+00 1.39832763e+00]	[4.70237032e-03 1.11798037e+02 1.25763122e-01 9.52859227e-03]	[5.33798603e-02 1.17390564e+03 1.08156227e+00 1.38039535e+00]	[6.99723053e-02 1.78841987e+03 1.89625997e+00 1.42212439e+00]	[0.06292446 0.94329102 0.7878904  3.10743139 1.09358223 0.82809089
 3.15831371 0.22988983 0.22473234 0.22330546 0.22467355 0.21859026]	[0.05337986 0.01396456 0.00182699 0.06275977 0.00631727 0.01473691
 0.00725145 0.10090492 0.10206179 0.10150248 0.10020815 0.10075374]	[0.06997231 1.97484407 1.56743405 6.27503501 1.99252492 1.5687256
 6.26919663 0.34843754 0.3499897  0.34881187 0.34849641 0.34979478] 
11762.8	1  	241  	[6.11672981e-02 1.30800579e+03 1.16341367e+00 1.39401954e+00]	[4.22306947e-03 9.23735550e+01 9.78265725e-02 7.39293717e-03]	[5.33798603e-02 1.17390564e+03 1.08156227e+00 1.38039535e+00]	[6.97932576e-02 1.70525825e+03 1.89625997e+00 1.41030639e+00]	[0.0611673  0.75257986 0.7815463  3.02474252 0.89914971 0.82605358
 3.1360189  0.22612717 0.23270911 0.22271365 0.22508548 0.21771266]	[0.05337986 0.01396456 0.00182699 0.08710394 0.0041519  0.00889079
 0.07301085 0.10222527 0.10067955 0.10150248 0.10020815 0.10075374]	[0.06979326 1.96541273 1.53181013 6.27503501 1.99252492 1.54726101
 6.19974098 0.34762639 0.34793392 0.34865641 0.3492061  0.34921588]
11533.9	2  	233  	[6.03616123e-02 1.27716438e+03 1.13743666e+00 1.39198825e+00]	[4.09498492e-03 8.23838347e+01 7.25003066e-02 7.34166635e-03]	[5.33798603e-02 1.16963966e+03 1.07670670e+00 1.38039458e+00]	[6.97932576e-02 1.66119255e+03 1.55163500e+00 1.40807628e+00]	[0.06036161 0.60013095 0.80856574 2.94861227 0.75816041 0.83685965
 3.0997626  0.23087615 0.23557351 0.22138214 0.22727216 0.22452213]	[0.05337986 0.01679484 0.01754849 0.21765463 0.0041519  0.01473691
 0.07301085 0.10222527 0.10206974 0.10289167 0.10020815 0.10075374]	[0.06979326 1.96541273 1.53181013 6.27503501 1.99061253 1.54686319
 6.22033556 0.34762639 0.34604194 0.34865641 0.3492061  0.34921588]
Entering generation 3...
INFO:root: Solver: openmc, Input Script Runtime: 453.85 seconds
INFO:root: Solver: openmc, Execute 0 Runtime: 8451.79 seconds
INFO:root: Solver: openmc, Execute 1 Runtime: 763.88 seconds
INFO:root: Solver: openmc, Output Script Runtime: 599.67 seconds
INFO:root: Solver: moltres, Input Script Runtime: 252.38 seconds
INFO:root: Solver: moltres, Execute 0 Runtime: 237.36 seconds
INFO:root: Solver: moltres, Execute 1 Runtime: 951.52 seconds
INFO:root: Solver: moltres, Output Script Runtime: 243.53 seconds
INFO:root: Generation: 3, Evaluation Total Runtime: 11958.68 seconds
WARNING:root: 18 out of 256 inds were constrained
       	   	     	                                                                                                                             oup                                                                                                                             	                                                                                                                                                                                                            ind                                                                                                                                                                                                             
       	   	     	-------------------------------------------------------------------------------------------------------------------------------------------------------------------------------------------------------------------------------------------------------------	----------------------------------------------------------------------------------------------------------------------------------------------------------------------------------------------------------------------------------------------------------------------------------------------------------------------------------------------------------------------------------------------------------------------------
time   	gen	evals	avg                                                          	std                                                          	min                                                          	max                                                          	avg                                                                                                                                   	min                                                                                                                                   	max                                                                                                                                   
11984.6	0  	256  	[6.29244551e-02 1.35438509e+03 1.22010512e+00 1.39832763e+00]	[4.70237032e-03 1.11798037e+02 1.25763122e-01 9.52859227e-03]	[5.33798603e-02 1.17390564e+03 1.08156227e+00 1.38039535e+00]	[6.99723053e-02 1.78841987e+03 1.89625997e+00 1.42212439e+00]	[0.06292446 0.94329102 0.7878904  3.10743139 1.09358223 0.82809089
 3.15831371 0.22988983 0.22473234 0.22330546 0.22467355 0.21859026]	[0.05337986 0.01396456 0.00182699 0.06275977 0.00631727 0.01473691
 0.00725145 0.10090492 0.10206179 0.10150248 0.10020815 0.10075374]	[0.06997231 1.97484407 1.56743405 6.27503501 1.99252492 1.5687256
 6.26919663 0.34843754 0.3499897  0.34881187 0.34849641 0.34979478] 
11762.8	1  	241  	[6.11672981e-02 1.30800579e+03 1.16341367e+00 1.39401954e+00]	[4.22306947e-03 9.23735550e+01 9.78265725e-02 7.39293717e-03]	[5.33798603e-02 1.17390564e+03 1.08156227e+00 1.38039535e+00]	[6.97932576e-02 1.70525825e+03 1.89625997e+00 1.41030639e+00]	[0.0611673  0.75257986 0.7815463  3.02474252 0.89914971 0.82605358
 3.1360189  0.22612717 0.23270911 0.22271365 0.22508548 0.21771266]	[0.05337986 0.01396456 0.00182699 0.08710394 0.0041519  0.00889079
 0.07301085 0.10222527 0.10067955 0.10150248 0.10020815 0.10075374]	[0.06979326 1.96541273 1.53181013 6.27503501 1.99252492 1.54726101
 6.19974098 0.34762639 0.34793392 0.34865641 0.3492061  0.34921588]
11533.9	2  	233  	[6.03616123e-02 1.27716438e+03 1.13743666e+00 1.39198825e+00]	[4.09498492e-03 8.23838347e+01 7.25003066e-02 7.34166635e-03]	[5.33798603e-02 1.16963966e+03 1.07670670e+00 1.38039458e+00]	[6.97932576e-02 1.66119255e+03 1.55163500e+00 1.40807628e+00]	[0.06036161 0.60013095 0.80856574 2.94861227 0.75816041 0.83685965
 3.0997626  0.23087615 0.23557351 0.22138214 0.22727216 0.22452213]	[0.05337986 0.01679484 0.01754849 0.21765463 0.0041519  0.01473691
 0.07301085 0.10222527 0.10206974 0.10289167 0.10020815 0.10075374]	[0.06979326 1.96541273 1.53181013 6.27503501 1.99061253 1.54686319
 6.22033556 0.34762639 0.34604194 0.34865641 0.3492061  0.34921588]
11958.9	3  	235  	[5.89453826e-02 1.27360037e+03 1.13705619e+00 1.38934356e+00]	[3.79932560e-03 9.20231420e+01 7.64008866e-02 6.85263296e-03]	[5.33798603e-02 1.16963966e+03 1.07639523e+00 1.38038198e+00]	[6.97963476e-02 1.66119255e+03 1.52081322e+00 1.40807628e+00]	[0.05894538 0.58244926 0.81850407 3.08704154 0.73393077 0.79512837
 3.0278013  0.22815863 0.24494583 0.23217888 0.22499009 0.23341588]	[0.05337986 0.0184816  0.0038381  0.08924033 0.0041519  0.01473691
 0.03161273 0.10327558 0.10215325 0.10086232 0.10020815 0.10075374]	[0.06979635 1.96541273 1.56871032 6.27503501 1.99061253 1.54686319
 6.23630478 0.34762639 0.34604194 0.34721079 0.3492061  0.34921588]
rollo Simulation Completed!
Total time in simulation 11958.91 seconds
