WARNING:root: ROLLO added default for variable: keep_files, default value = all
WARNING:root: ROLLO added default for variable: mutation_probability, default value = 0.23
WARNING:root: ROLLO added default for variable: mating_probability, default value = 0.47
WARNING:root: ROLLO added default for variable: selection_operator, default value = {'operator': 'selTournament', 'tournsize': 5}
WARNING:root: ROLLO added default for variable: mutation_operator, default value = {'operator': 'mutPolynomialBounded', 'eta': 0.23, 'indpb': 0.23}
WARNING:root: ROLLO added default for variable: mating_operator, default value = {'operator': 'cxBlend', 'alpha': 0.46}
       	   	     	                                              oup                                              	                                                                                                                        ind                                                                                                                         
       	   	     	-----------------------------------------------------------------------------------------------	----------------------------------------------------------------------------------------------------------------------------------------------------------------------------------------------------------------------------------------------------
time   	gen	evals	avg                    	std                    	min                    	max                    	avg                                                                            	min                                                                           	max                                                                            
2348.41	0  	128  	[0.0640046  1.39377235]	[0.00354922 0.00694229]	[0.05585567 1.38016695]	[0.06995539 1.4092795 ]	[0.0640046  1.03720631 0.82378976 2.8311471  0.98189115 0.65529698
 3.80682405]	[0.05585567 0.02954196 0.02830064 0.25007816 0.00922527 0.0497536
 0.04372518]	[0.06995539 1.97539069 1.49687452 6.26432234 1.99901209 1.52735882
 6.06016262]
3436.08	1  	82   	[0.05998842 1.38648639]	[0.00215982 0.00433774]	[0.05585567 1.38016695]	[0.067391   1.40390797]	[0.05998842 1.05692251 0.92843882 2.61741812 0.89499158 0.81172715
 3.82808442]	[0.05585567 0.02954196 0.07776738 0.25007816 0.02458633 0.0497536
 0.04372518]	[0.067391   1.94541785 1.5013171  6.26432234 1.99901209 1.51479802
 5.90669516]
Entering generation 2...
INFO:root: Solver: openmc, Input Script Runtime: 269.19 seconds
INFO:root: Solver: openmc, Execute 0 Runtime: 1884.93 seconds
INFO:root: Solver: openmc, Output Script Runtime: 98.95 seconds
INFO:root: Generation: 2, Evaluation Total Runtime: 2253.68 seconds
WARNING:root: 18 out of 128 inds were constrained
       	   	     	                                              oup                                              	                                                                                                                         ind                                                                                                                         
       	   	     	-----------------------------------------------------------------------------------------------	-----------------------------------------------------------------------------------------------------------------------------------------------------------------------------------------------------------------------------------------------------
time   	gen	evals	avg                    	std                    	min                    	max                    	avg                                                                            	min                                                                            	max                                                                            
2348.41	0  	128  	[0.0640046  1.39377235]	[0.00354922 0.00694229]	[0.05585567 1.38016695]	[0.06995539 1.4092795 ]	[0.0640046  1.03720631 0.82378976 2.8311471  0.98189115 0.65529698
 3.80682405]	[0.05585567 0.02954196 0.02830064 0.25007816 0.00922527 0.0497536
 0.04372518] 	[0.06995539 1.97539069 1.49687452 6.26432234 1.99901209 1.52735882
 6.06016262]
3436.08	1  	82   	[0.05998842 1.38648639]	[0.00215982 0.00433774]	[0.05585567 1.38016695]	[0.067391   1.40390797]	[0.05998842 1.05692251 0.92843882 2.61741812 0.89499158 0.81172715
 3.82808442]	[0.05585567 0.02954196 0.07776738 0.25007816 0.02458633 0.0497536
 0.04372518] 	[0.067391   1.94541785 1.5013171  6.26432234 1.99901209 1.51479802
 5.90669516]
2253.74	2  	82   	[0.05750133 1.38230893]	[0.00124419 0.00218566]	[0.05585567 1.38001041]	[0.06055461 1.38894052]	[0.05750133 1.20954391 1.26562784 2.75421876 0.88341687 0.90232231
 4.06365247]	[0.05585567 0.1948096  0.28023162 0.35502652 0.17445003 0.19269395
 0.45685972]	[0.06055461 1.94541785 1.50520633 6.26432234 1.98866271 1.4724659
 5.85518484] 
rollo Simulation Completed!
Total time in simulation 2253.75 seconds
