WARNING:root: ROLLO added default for variable: keep_files, default value = all
WARNING:root: ROLLO added default for variable: mutation_operator, default value = {'operator': 'mutPolynomialBounded', 'eta': 0.23, 'indpb': 0.23}
WARNING:root: ROLLO added default for variable: mating_operator, default value = {'operator': 'cxBlend', 'alpha': 0.46}
       	   	     	                                                                                                                             oup                                                                                                                             	                                                                                                                         ind                                                                                                                         
       	   	     	-------------------------------------------------------------------------------------------------------------------------------------------------------------------------------------------------------------------------------------------------------------	-----------------------------------------------------------------------------------------------------------------------------------------------------------------------------------------------------------------------------------------------------
time   	gen	evals	avg                                                          	std                                                          	min                                                          	max                                                          	avg                                                                            	min                                                                            	max                                                                            
7820.92	0  	128  	[6.30950410e-02 1.39732779e+03 1.21273612e+00 1.39202393e+00]	[3.51932325e-03 1.21744175e+02 1.24283148e-01 7.10719319e-03]	[5.54107225e-02 1.20015504e+03 1.09486613e+00 1.38011841e+00]	[6.99120685e-02 1.65159755e+03 1.68502638e+00 1.40617908e+00]	[0.06309504 1.06713728 0.7621778  3.16836613 0.97820322 0.80248056
 3.26995676]	[0.05541072 0.02190452 0.02529029 0.06595585 0.00735142 0.00820164
 0.13816501]	[0.06991207 1.99467398 1.53687539 6.26121086 1.9393861  1.56163783
 6.24868041]
7572.09	1  	119  	[6.18602423e-02 1.33498773e+03 1.16336591e+00 1.38848950e+00]	[3.33388414e-03 9.40516631e+01 1.07252476e-01 5.76618094e-03]	[5.54107225e-02 1.19416311e+03 1.09255055e+00 1.38006365e+00]	[6.99600307e-02 1.69606608e+03 1.68502638e+00 1.40242931e+00]	[0.06186024 0.90091795 0.8803747  3.04972774 0.68375387 0.72052198
 3.49703875]	[0.05541072 0.02190452 0.03760491 0.06595585 0.00735142 0.00820164
 0.13816501]	[0.06996003 1.8414638  1.51320353 6.26121086 1.9393861  1.56163783
 6.24868041]
7765.74	2  	123  	[6.06658483e-02 1.32758008e+03 1.15984999e+00 1.38611586e+00]	[2.81657406e-03 9.95598568e+01 1.16945926e-01 4.57686453e-03]	[5.54107225e-02 1.19416311e+03 1.07838328e+00 1.38006365e+00]	[6.85607395e-02 1.70372451e+03 1.68502638e+00 1.40003631e+00]	[0.06066585 0.84479483 0.89240627 2.94020735 0.67417987 0.67225714
 3.8446131 ]	[0.05541072 0.02891147 0.03760491 0.06595585 0.00735142 0.13434537
 0.13816501]	[0.06856074 1.89773013 1.55260127 6.26121086 1.89658759 1.46846766
 6.16161519]
7627.99	3  	120  	[5.97606397e-02 1.33646206e+03 1.17297515e+00 1.38477953e+00]	[2.57866774e-03 1.11000658e+02 1.33278259e-01 4.20639605e-03]	[5.54107225e-02 1.19416311e+03 1.07838328e+00 1.38003766e+00]	[6.70585717e-02 1.70372451e+03 1.68502638e+00 1.39890847e+00]	[0.05976064 0.86607688 0.88055353 2.81950653 0.70051602 0.70901274
 4.19184731]	[0.05541072 0.02891147 0.0623753  0.06595585 0.00608526 0.17589856
 0.5934655 ]	[0.06705857 1.95213038 1.55260127 6.26121086 1.79544746 1.44686154
 6.16161519]
7684.53	4  	114  	[5.98957873e-02 1.32241599e+03 1.16843402e+00 1.38461374e+00]	[3.06106514e-03 1.15401693e+02 1.06762480e-01 4.86012772e-03]	[5.54107225e-02 1.19416311e+03 1.07838328e+00 1.38003766e+00]	[6.88507095e-02 1.62880278e+03 1.68502638e+00 1.39890847e+00]	[0.05989579 0.84569107 0.93992298 2.74558034 0.6254575  0.73496973
 4.36904477]	[0.05541072 0.02891147 0.12042842 0.06340924 0.00608526 0.04584296
 1.38051939]	[0.06885071 1.94569274 1.55260127 6.22696533 1.67236339 1.53741765
 6.16161519]
Entering generation 5...
INFO:root: Solver: openmc, Input Script Runtime: 342.07 seconds
INFO:root: Solver: openmc, Execute 0 Runtime: 5673.6 seconds
INFO:root: Solver: openmc, Execute 1 Runtime: 648.72 seconds
INFO:root: Solver: openmc, Output Script Runtime: 488.07 seconds
INFO:root: Solver: moltres, Input Script Runtime: 266.59 seconds
INFO:root: Solver: moltres, Output Script Runtime: 122.46 seconds
INFO:root: Generation: 5, Evaluation Total Runtime: 7543.84 seconds
WARNING:root: 15 out of 128 inds were constrained
       	   	     	                                                                                                                             oup                                                                                                                             	                                                                                                                         ind                                                                                                                         
       	   	     	-------------------------------------------------------------------------------------------------------------------------------------------------------------------------------------------------------------------------------------------------------------	-----------------------------------------------------------------------------------------------------------------------------------------------------------------------------------------------------------------------------------------------------
time   	gen	evals	avg                                                          	std                                                          	min                                                          	max                                                          	avg                                                                            	min                                                                            	max                                                                            
7820.92	0  	128  	[6.30950410e-02 1.39732779e+03 1.21273612e+00 1.39202393e+00]	[3.51932325e-03 1.21744175e+02 1.24283148e-01 7.10719319e-03]	[5.54107225e-02 1.20015504e+03 1.09486613e+00 1.38011841e+00]	[6.99120685e-02 1.65159755e+03 1.68502638e+00 1.40617908e+00]	[0.06309504 1.06713728 0.7621778  3.16836613 0.97820322 0.80248056
 3.26995676]	[0.05541072 0.02190452 0.02529029 0.06595585 0.00735142 0.00820164
 0.13816501]	[0.06991207 1.99467398 1.53687539 6.26121086 1.9393861  1.56163783
 6.24868041]
7572.09	1  	119  	[6.18602423e-02 1.33498773e+03 1.16336591e+00 1.38848950e+00]	[3.33388414e-03 9.40516631e+01 1.07252476e-01 5.76618094e-03]	[5.54107225e-02 1.19416311e+03 1.09255055e+00 1.38006365e+00]	[6.99600307e-02 1.69606608e+03 1.68502638e+00 1.40242931e+00]	[0.06186024 0.90091795 0.8803747  3.04972774 0.68375387 0.72052198
 3.49703875]	[0.05541072 0.02190452 0.03760491 0.06595585 0.00735142 0.00820164
 0.13816501]	[0.06996003 1.8414638  1.51320353 6.26121086 1.9393861  1.56163783
 6.24868041]
7765.74	2  	123  	[6.06658483e-02 1.32758008e+03 1.15984999e+00 1.38611586e+00]	[2.81657406e-03 9.95598568e+01 1.16945926e-01 4.57686453e-03]	[5.54107225e-02 1.19416311e+03 1.07838328e+00 1.38006365e+00]	[6.85607395e-02 1.70372451e+03 1.68502638e+00 1.40003631e+00]	[0.06066585 0.84479483 0.89240627 2.94020735 0.67417987 0.67225714
 3.8446131 ]	[0.05541072 0.02891147 0.03760491 0.06595585 0.00735142 0.13434537
 0.13816501]	[0.06856074 1.89773013 1.55260127 6.26121086 1.89658759 1.46846766
 6.16161519]
7627.99	3  	120  	[5.97606397e-02 1.33646206e+03 1.17297515e+00 1.38477953e+00]	[2.57866774e-03 1.11000658e+02 1.33278259e-01 4.20639605e-03]	[5.54107225e-02 1.19416311e+03 1.07838328e+00 1.38003766e+00]	[6.70585717e-02 1.70372451e+03 1.68502638e+00 1.39890847e+00]	[0.05976064 0.86607688 0.88055353 2.81950653 0.70051602 0.70901274
 4.19184731]	[0.05541072 0.02891147 0.0623753  0.06595585 0.00608526 0.17589856
 0.5934655 ]	[0.06705857 1.95213038 1.55260127 6.26121086 1.79544746 1.44686154
 6.16161519]
7684.53	4  	114  	[5.98957873e-02 1.32241599e+03 1.16843402e+00 1.38461374e+00]	[3.06106514e-03 1.15401693e+02 1.06762480e-01 4.86012772e-03]	[5.54107225e-02 1.19416311e+03 1.07838328e+00 1.38003766e+00]	[6.88507095e-02 1.62880278e+03 1.68502638e+00 1.39890847e+00]	[0.05989579 0.84569107 0.93992298 2.74558034 0.6254575  0.73496973
 4.36904477]	[0.05541072 0.02891147 0.12042842 0.06340924 0.00608526 0.04584296
 1.38051939]	[0.06885071 1.94569274 1.55260127 6.22696533 1.67236339 1.53741765
 6.16161519]
7543.95	5  	114  	[6.05180755e-02 1.27294776e+03 1.13455800e+00 1.38518609e+00]	[3.28833035e-03 1.10878739e+02 8.05467264e-02 5.37646206e-03]	[5.54107225e-02 1.18937508e+03 1.07838328e+00 1.38003766e+00]	[6.92162440e-02 1.62880278e+03 1.39619293e+00 1.40070795e+00]	[0.06051808 0.6011689  0.8861272  2.59181159 0.40593827 0.7706418
 4.32318916] 	[0.05541072 0.02891147 0.18129389 0.06340924 0.00608526 0.04584296
 1.84688363]	[0.06921624 1.8414638  1.50972474 6.13347556 1.67236339 1.53741765
 6.1427084 ]
rollo Simulation Completed!
Total time in simulation 7543.96 seconds
