WARNING:root: ROLLO added default for variable: keep_files, default value = all
WARNING:root: ROLLO added default for variable: mutation_operator, default value = {'operator': 'mutPolynomialBounded', 'eta': 0.23, 'indpb': 0.23}
WARNING:root: ROLLO added default for variable: mating_operator, default value = {'operator': 'cxBlend', 'alpha': 0.46}
       	   	     	                                                                                                                             oup                                                                                                                             	                                                                                                        ind                                                                                                        
       	   	     	-------------------------------------------------------------------------------------------------------------------------------------------------------------------------------------------------------------------------------------------------------------	-------------------------------------------------------------------------------------------------------------------------------------------------------------------------------------------------------------------
time   	gen	evals	avg                                                          	std                                                          	min                                                          	max                                                          	avg                                                                	min                                                                	max                                                                
5763.2 	0  	128  	[4.23228961e-02 1.19602073e+03 1.52703279e+00 1.42356894e+00]	[9.57952329e-03 5.23885573e+01 3.22967353e-01 2.92890010e-02]	[2.63495351e-02 1.11717071e+03 1.05634328e+00 1.35086957e+00]	[5.99617489e-02 1.34967363e+03 2.35613576e+00 1.46043014e+00]	[0.0423229  1.02101576 0.79975144 3.13106417 0.19409096 0.18232362]	[0.02634954 0.00866281 0.00238459 0.02382573 0.05163056 0.05026365]	[0.05996175 1.98940959 1.56833408 6.23858566 0.34546416 0.34709971]
4748.22	1  	118  	[3.82165286e-02 1.16340647e+03 1.32071633e+00 1.41117171e+00]	[8.49891479e-03 3.62131748e+01 2.32907708e-01 2.91646788e-02]	[2.63495351e-02 1.11554600e+03 1.03907838e+00 1.35086957e+00]	[5.99617489e-02 1.30751428e+03 2.13959623e+00 1.45114164e+00]	[0.03821653 0.68947757 0.81045802 3.42005313 0.21588205 0.17447223]	[0.02634954 0.00365928 0.00238459 0.02382573 0.05163056 0.05026365]	[0.05996175 1.72597416 1.56833408 5.92853765 0.34972488 0.34709971]
4779.72	2  	120  	[3.66859058e-02 1.15224971e+03 1.24404551e+00 1.40365150e+00]	[8.77235798e-03 3.11106660e+01 1.93109717e-01 3.23285507e-02]	[2.63495351e-02 1.11282415e+03 1.03907838e+00 1.35003430e+00]	[5.57164143e-02 1.28063747e+03 1.93646779e+00 1.45063517e+00]	[0.03668591 0.54977552 0.71658756 3.44400388 0.23046722 0.17751298]	[0.02634954 0.00365928 0.00238459 0.20604179 0.05658977 0.05270598]	[0.05571641 1.96734531 1.54785337 5.65096074 0.34972488 0.34172116]
5391.83	3  	115  	[3.86023682e-02 1.13655706e+03 1.13423281e+00 1.41151953e+00]	[8.67571755e-03 1.81917401e+01 8.92899375e-02 3.21221530e-02]	[2.63495351e-02 1.10921100e+03 1.03888843e+00 1.35077854e+00]	[5.98855928e-02 1.18462763e+03 1.39925123e+00 1.45271815e+00]	[0.03860237 0.39611269 0.58758081 3.26549786 0.23539608 0.18122744]	[0.02634954 0.00365928 0.00132461 0.20604179 0.05658977 0.05270598]	[0.05988559 1.99756103 1.54785337 5.62905614 0.34733223 0.34172116]
Entering generation 4...
INFO:root: Solver: openmc, Input Script Runtime: 168.49 seconds
INFO:root: Solver: openmc, Execute 0 Runtime: 3618.71 seconds
INFO:root: Solver: openmc, Execute 1 Runtime: 232.8 seconds
INFO:root: Solver: openmc, Output Script Runtime: 200.16 seconds
INFO:root: Solver: moltres, Input Script Runtime: 129.28 seconds
INFO:root: Solver: moltres, Execute 0 Runtime: 124.55 seconds
INFO:root: Solver: moltres, Execute 1 Runtime: 199.4 seconds
INFO:root: Solver: moltres, Output Script Runtime: 131.28 seconds
INFO:root: Generation: 4, Evaluation Total Runtime: 4807.17 seconds
WARNING:root: 5 out of 128 inds were constrained
       	   	     	                                                                                                                             oup                                                                                                                             	                                                                                                        ind                                                                                                        
       	   	     	-------------------------------------------------------------------------------------------------------------------------------------------------------------------------------------------------------------------------------------------------------------	-------------------------------------------------------------------------------------------------------------------------------------------------------------------------------------------------------------------
time   	gen	evals	avg                                                          	std                                                          	min                                                          	max                                                          	avg                                                                	min                                                                	max                                                                
5763.2 	0  	128  	[4.23228961e-02 1.19602073e+03 1.52703279e+00 1.42356894e+00]	[9.57952329e-03 5.23885573e+01 3.22967353e-01 2.92890010e-02]	[2.63495351e-02 1.11717071e+03 1.05634328e+00 1.35086957e+00]	[5.99617489e-02 1.34967363e+03 2.35613576e+00 1.46043014e+00]	[0.0423229  1.02101576 0.79975144 3.13106417 0.19409096 0.18232362]	[0.02634954 0.00866281 0.00238459 0.02382573 0.05163056 0.05026365]	[0.05996175 1.98940959 1.56833408 6.23858566 0.34546416 0.34709971]
4748.22	1  	118  	[3.82165286e-02 1.16340647e+03 1.32071633e+00 1.41117171e+00]	[8.49891479e-03 3.62131748e+01 2.32907708e-01 2.91646788e-02]	[2.63495351e-02 1.11554600e+03 1.03907838e+00 1.35086957e+00]	[5.99617489e-02 1.30751428e+03 2.13959623e+00 1.45114164e+00]	[0.03821653 0.68947757 0.81045802 3.42005313 0.21588205 0.17447223]	[0.02634954 0.00365928 0.00238459 0.02382573 0.05163056 0.05026365]	[0.05996175 1.72597416 1.56833408 5.92853765 0.34972488 0.34709971]
4779.72	2  	120  	[3.66859058e-02 1.15224971e+03 1.24404551e+00 1.40365150e+00]	[8.77235798e-03 3.11106660e+01 1.93109717e-01 3.23285507e-02]	[2.63495351e-02 1.11282415e+03 1.03907838e+00 1.35003430e+00]	[5.57164143e-02 1.28063747e+03 1.93646779e+00 1.45063517e+00]	[0.03668591 0.54977552 0.71658756 3.44400388 0.23046722 0.17751298]	[0.02634954 0.00365928 0.00238459 0.20604179 0.05658977 0.05270598]	[0.05571641 1.96734531 1.54785337 5.65096074 0.34972488 0.34172116]
5391.83	3  	115  	[3.86023682e-02 1.13655706e+03 1.13423281e+00 1.41151953e+00]	[8.67571755e-03 1.81917401e+01 8.92899375e-02 3.21221530e-02]	[2.63495351e-02 1.10921100e+03 1.03888843e+00 1.35077854e+00]	[5.98855928e-02 1.18462763e+03 1.39925123e+00 1.45271815e+00]	[0.03860237 0.39611269 0.58758081 3.26549786 0.23539608 0.18122744]	[0.02634954 0.00365928 0.00132461 0.20604179 0.05658977 0.05270598]	[0.05988559 1.99756103 1.54785337 5.62905614 0.34733223 0.34172116]
4807.25	4  	123  	[3.75468686e-02 1.13551203e+03 1.13064929e+00 1.40579521e+00]	[9.08188579e-03 2.10787556e+01 9.96441914e-02 3.57346186e-02]	[2.63495351e-02 1.10921100e+03 1.03888843e+00 1.35077854e+00]	[5.74494867e-02 1.18462763e+03 1.40830430e+00 1.45174551e+00]	[0.03754687 0.44804566 0.54963251 3.2426026  0.25210022 0.19613195]	[0.02634954 0.00365928 0.00132461 0.28179183 0.05658977 0.05270598]	[0.05744949 1.99756103 1.56585826 5.53322042 0.34995565 0.34185163]
rollo Simulation Completed!
Total time in simulation 4807.26 seconds
